2013/12/3 18:11:00: message原因：
location:CES.DAL\EvaluatorInfoDAO\SearchEvaluatorInfoByLevel;
message:查询结果为空;
2013/12/3 18:11:59: message原因：

2013/12/3 18:13:14: message原因：
location:CES.Common\CommonFunctions\ExcelToEvaluatorInfo;
message:System.InvalidOperationException: 未在本地计算机上注册“Microsoft.ACE.OLEDB.12.0”提供程序。
   在 System.Data.OleDb.OleDbServicesWrapper.GetDataSource(OleDbConnectionString constr, DataSourceWrapper& datasrcWrapper)
   在 System.Data.OleDb.OleDbConnectionInternal..ctor(OleDbConnectionString constr, OleDbConnection connection)
   在 System.Data.OleDb.OleDbConnectionFactory.CreateConnection(DbConnectionOptions options, Object poolGroupProviderInfo, DbConnectionPool pool, DbConnection owningObject)
   在 System.Data.ProviderBase.DbConnectionFactory.CreateNonPooledConnection(DbConnection owningConnection, DbConnectionPoolGroup poolGroup)
   在 System.Data.ProviderBase.DbConnectionFactory.GetConnection(DbConnection owningConnection)
   在 System.Data.ProviderBase.DbConnectionClosed.OpenConnection(DbConnection outerConnection, DbConnectionFactory connectionFactory)
   在 System.Data.OleDb.OleDbConnection.Open()
   在 CES.DAL.CommonFunctions.ExcelToEvaluatorInfo(String path, List`1& evaluators, MyException& e) 位置 D:\projects\CES\CES.DAL\CommonFunctions.cs:行号 690;
2013/12/3 18:13:32: message原因：
location:CES.Common\CommonFunctions\ExcelToEvaluatorInfo;
message:System.InvalidOperationException: 未在本地计算机上注册“Microsoft.ACE.OLEDB.12.0”提供程序。
   在 System.Data.OleDb.OleDbServicesWrapper.GetDataSource(OleDbConnectionString constr, DataSourceWrapper& datasrcWrapper)
   在 System.Data.OleDb.OleDbConnectionInternal..ctor(OleDbConnectionString constr, OleDbConnection connection)
   在 System.Data.OleDb.OleDbConnectionFactory.CreateConnection(DbConnectionOptions options, Object poolGroupProviderInfo, DbConnectionPool pool, DbConnection owningObject)
   在 System.Data.ProviderBase.DbConnectionFactory.CreateNonPooledConnection(DbConnection owningConnection, DbConnectionPoolGroup poolGroup)
   在 System.Data.ProviderBase.DbConnectionFactory.GetConnection(DbConnection owningConnection)
   在 System.Data.ProviderBase.DbConnectionClosed.OpenConnection(DbConnection outerConnection, DbConnectionFactory connectionFactory)
   在 System.Data.OleDb.OleDbConnection.Open()
   在 CES.DAL.CommonFunctions.ExcelToEvaluatorInfo(String path, List`1& evaluators, MyException& e) 位置 D:\projects\CES\CES.DAL\CommonFunctions.cs:行号 690;
2013/12/3 18:16:52: message原因：

2013/12/3 18:18:53: message原因：
location:CES.DAL\CommonFunctions\ExcelToEvaluatorInfo;
message:System.InvalidOperationException: 未在本地计算机上注册“Microsoft.ACE.OLEDB.12.0”提供程序。
   在 System.Data.OleDb.OleDbServicesWrapper.GetDataSource(OleDbConnectionString constr, DataSourceWrapper& datasrcWrapper)
   在 System.Data.OleDb.OleDbConnectionInternal..ctor(OleDbConnectionString constr, OleDbConnection connection)
   在 System.Data.OleDb.OleDbConnectionFactory.CreateConnection(DbConnectionOptions options, Object poolGroupProviderInfo, DbConnectionPool pool, DbConnection owningObject)
   在 System.Data.ProviderBase.DbConnectionFactory.CreateNonPooledConnection(DbConnection owningConnection, DbConnectionPoolGroup poolGroup)
   在 System.Data.ProviderBase.DbConnectionFactory.GetConnection(DbConnection owningConnection)
   在 System.Data.ProviderBase.DbConnectionClosed.OpenConnection(DbConnection outerConnection, DbConnectionFactory connectionFactory)
   在 System.Data.OleDb.OleDbConnection.Open()
   在 CES.DAL.CommonFunctions.ExcelToEvaluatorInfo(String path, List`1& evaluators, MyException& e) 位置 D:\projects\CES\CES.DAL\CommonFunctions.cs:行号 690;
2013/12/3 18:25:15: message原因：
location:CES.DAL\CommonFunctions\ExcelToEvaluatorInfo;
message:System.InvalidOperationException: 未在本地计算机上注册“Microsoft.Jet.OLEDB.4.0”提供程序。
   在 System.Data.OleDb.OleDbServicesWrapper.GetDataSource(OleDbConnectionString constr, DataSourceWrapper& datasrcWrapper)
   在 System.Data.OleDb.OleDbConnectionInternal..ctor(OleDbConnectionString constr, OleDbConnection connection)
   在 System.Data.OleDb.OleDbConnectionFactory.CreateConnection(DbConnectionOptions options, Object poolGroupProviderInfo, DbConnectionPool pool, DbConnection owningObject)
   在 System.Data.ProviderBase.DbConnectionFactory.CreateNonPooledConnection(DbConnection owningConnection, DbConnectionPoolGroup poolGroup)
   在 System.Data.ProviderBase.DbConnectionFactory.GetConnection(DbConnection owningConnection)
   在 System.Data.ProviderBase.DbConnectionClosed.OpenConnection(DbConnection outerConnection, DbConnectionFactory connectionFactory)
   在 System.Data.OleDb.OleDbConnection.Open()
   在 CES.DAL.CommonFunctions.ExcelToEvaluatorInfo(String path, List`1& evaluators, MyException& e) 位置 D:\projects\CES\CES.DAL\CommonFunctions.cs:行号 684;
2013/12/3 18:26:56: message原因：
location:CES.DAL\CommonFunctions\ExcelToEvaluatorInfo;
message:System.InvalidOperationException: 未在本地计算机上注册“Microsoft.Jet.OLEDB.4.0”提供程序。
   在 System.Data.OleDb.OleDbServicesWrapper.GetDataSource(OleDbConnectionString constr, DataSourceWrapper& datasrcWrapper)
   在 System.Data.OleDb.OleDbConnectionInternal..ctor(OleDbConnectionString constr, OleDbConnection connection)
   在 System.Data.OleDb.OleDbConnectionFactory.CreateConnection(DbConnectionOptions options, Object poolGroupProviderInfo, DbConnectionPool pool, DbConnection owningObject)
   在 System.Data.ProviderBase.DbConnectionFactory.CreateNonPooledConnection(DbConnection owningConnection, DbConnectionPoolGroup poolGroup)
   在 System.Data.ProviderBase.DbConnectionFactory.GetConnection(DbConnection owningConnection)
   在 System.Data.ProviderBase.DbConnectionClosed.OpenConnection(DbConnection outerConnection, DbConnectionFactory connectionFactory)
   在 System.Data.OleDb.OleDbConnection.Open()
   在 CES.DAL.CommonFunctions.ExcelToEvaluatorInfo(String path, List`1& evaluators, MyException& e) 位置 D:\projects\CES\CES.DAL\CommonFunctions.cs:行号 684;
2013/12/3 18:36:44: message原因：

2013/12/3 18:47:23: message原因：
location:CES.DAL\EvaluationCollectDAO\submitScoreByID;
message:还有20个人未考评，未考评人工号为：
07666578
07666594
07666645
08666590
10414
72106
85163
86231
87182
87763
90544
91841
92089
92661
94063
95091
95815
97732
97793
99115;
2013/12/3 19:13:33: message原因：
有项目的分数不在0~10之间！
2013/12/3 19:43:03: message原因：
有项目为非数字！
2013/12/3 19:48:31: message原因：
有项目为非数字！
2013/12/3 19:50:16: message原因：
有项目的分数不在0~10之间！
